GET /api/v1/week-6-task 404 48 - 8.204 ms
GET /api/v1/week-6-task 404 48 - 25.513 ms
GET /api/v1/week-6-task 200 33 - 14.611 ms
GET /api/v1/week-6-task/1 404 40 - 7.499 ms
POST /api/v1/week-6-task 500 48 - 3.618 ms
POST /api/v1/week-6-task 500 48 - 21.206 ms
POST /api/v1/week-6-task 500 48 - 5.081 ms
POST /api/v1/week-6-task 500 48 - 23.391 ms
POST /api/v1/week-6-task 500 48 - 22.065 ms
POST /api/v1/week-6-task 500 48 - 24.584 ms
POST /api/v1/week-6-task 500 48 - 160.896 ms
POST /api/v1/week-6-task 500 48 - 164.880 ms
POST /api/v1/week-6-task 500 48 - 82.994 ms
POST /api/v1/week-6-task 500 48 - 152.963 ms
POST /api/v1/week-6-task 500 48 - 43.677 ms
POST /api/v1/week-6-task 500 48 - 126.236 ms
POST /api/v1/week-6-task 500 48 - 32.078 ms
POST /api/v1/week-6-task 201 288 - 32.557 ms
GET /api/v1/week-6-task/1 200 288 - 5.840 ms
GET /api/v1/week-6-task 200 290 - 2.726 ms
PUT /api/v1/week-6-task/1 500 48 - 0.606 ms
PUT /api/v1/week-6-task/1 500 48 - 22.113 ms
PUT /api/v1/week-6-task/1 500 48 - 38.808 ms
PUT /api/v1/week-6-task/1 500 48 - 44.263 ms
PUT /api/v1/week-6-task/1 200 346 - 13.795 ms
POST /api/v1/week-6-task 201 288 - 12.485 ms
GET /api/v1/week-6-task 200 572 - 10.766 ms
GET /api/v1/week-6-task 200 572 - 1.138 ms
DELETE /api/v1/week-6-task/1 200 56 - 5.864 ms
GET /api/v1/week-6-task 200 290 - 9.029 ms
GET / 200 - - 0.971 ms
GET /api/v1/week-6-task 200 1136 - 8.306 ms
GET /api/v1/week-6-task 200 1136 - 8.509 ms
POST /api/v1/week-6-task 201 95 - 12.833 ms
GET /api/v1/week-6-task 200 1201 - 1.437 ms
GET /api/v1/week-6-task/6 200 95 - 1.436 ms
POST /api/v1/week-6-task 201 293 - 8.043 ms
GET /api/v1/week-6-task 200 295 - 1.552 ms
GET /api/v1/week-6-task/1 200 293 - 1.276 ms
POST /api/v1/week-6-task 201 288 - 2.595 ms
POST /api/v1/week-6-task 201 293 - 6.795 ms
GET /api/v1/week-6-task 200 816 - 1.568 ms
GET /api/v1/week-6-task/3 200 293 - 1.427 ms
POST /api/v1/week-6-task 201 288 - 1.602 ms
POST /api/v1/week-6-task 201 293 - 7.447 ms
GET /api/v1/week-6-task 200 295 - 1.578 ms
GET /api/v1/week-6-task/1 200 293 - 1.253 ms
POST /api/v1/week-6-task 201 288 - 2.599 ms
DELETE /api/v1/week-6-task/2 200 56 - 1.554 ms
PUT /api/v1/week-6-task/1 200 346 - 4.322 ms
DELETE /api/v1/week-6-task/1 200 56 - 10.921 ms
DELETE /api/v1/week-6-task/1 200 56 - 1.612 ms
POST /api/v1/week-6-task 201 293 - 7.843 ms
GET /api/v1/week-6-task 200 295 - 1.725 ms
GET /api/v1/week-6-task/1 200 293 - 1.327 ms
POST /api/v1/week-6-task 201 288 - 2.274 ms
DELETE /api/v1/week-6-task/2 200 56 - 1.721 ms
PUT /api/v1/week-6-task/1 200 346 - 3.287 ms
DELETE /api/v1/week-6-task/1 200 56 - 2.031 ms
DELETE /api/v1/week-6-task/1 200 56 - 2.186 ms
POST /api/v1/week-6-task 201 293 - 8.065 ms
GET /api/v1/week-6-task 200 295 - 1.412 ms
GET /api/v1/week-6-task/1 200 293 - 1.193 ms
POST /api/v1/week-6-task 201 288 - 2.199 ms
DELETE /api/v1/week-6-task/2 200 56 - 1.643 ms
PUT /api/v1/week-6-task/1 200 346 - 2.428 ms
DELETE /api/v1/week-6-task/1 200 56 - 1.465 ms
DELETE /api/v1/week-6-task/1 200 56 - 3.111 ms
POST /api/v1/week-6-task 201 293 - 5.453 ms
GET /api/v1/week-6-task 200 295 - 1.384 ms
GET /api/v1/week-6-task/1 200 293 - 1.305 ms
POST /api/v1/week-6-task 201 288 - 2.174 ms
DELETE /api/v1/week-6-task/2 200 56 - 2.374 ms
PUT /api/v1/week-6-task/1 200 346 - 2.023 ms
DELETE /api/v1/week-6-task/1 200 56 - 2.691 ms
DELETE /api/v1/week-6-task/1 200 56 - 2.374 ms
POST /api/v1/week-6-task 201 293 - 5.864 ms
GET /api/v1/week-6-task 200 295 - 1.240 ms
GET /api/v1/week-6-task/1 200 293 - 1.253 ms
POST /api/v1/week-6-task 201 288 - 2.218 ms
DELETE /api/v1/week-6-task/2 200 56 - 1.706 ms
PUT /api/v1/week-6-task/1 200 346 - 4.283 ms
DELETE /api/v1/week-6-task/1 200 56 - 1.693 ms
DELETE /api/v1/week-6-task/a 200 56 - 1.950 ms
POST /api/v1/week-6-task 201 293 - 5.493 ms
GET /api/v1/week-6-task 200 295 - 1.281 ms
GET /api/v1/week-6-task/1 200 293 - 1.255 ms
POST /api/v1/week-6-task 201 288 - 2.162 ms
DELETE /api/v1/week-6-task/2 200 56 - 1.706 ms
PUT /api/v1/week-6-task/1 200 346 - 4.280 ms
DELETE /api/v1/week-6-task/1 200 56 - 1.470 ms
GET /api/v1/week-6-task/1 404 40 - 1.188 ms
POST /api/v1/week-6-task 201 293 - 8.534 ms
GET /api/v1/week-6-task 200 295 - 1.289 ms
GET /api/v1/week-6-task/1 200 293 - 1.526 ms
POST /api/v1/week-6-task 201 288 - 2.297 ms
DELETE /api/v1/week-6-task/2 200 56 - 2.634 ms
PUT /api/v1/week-6-task/1 200 346 - 2.901 ms
DELETE /api/v1/week-6-task/1 200 56 - 2.952 ms
GET /api/v1/week-6-task/1 404 40 - 2.733 ms
GET /api/v1/week-6-task/a 400 56 - 0.440 ms
GET /api/v1/week-6-task/1 404 40 - 0.993 ms
POST /api/v1/week-6-task 201 293 - 5.297 ms
GET /api/v1/week-6-task 200 295 - 1.245 ms
GET /api/v1/week-6-task/1 200 293 - 1.341 ms
POST /api/v1/week-6-task 201 288 - 2.233 ms
DELETE /api/v1/week-6-task/2 200 56 - 1.726 ms
PUT /api/v1/week-6-task/1 200 346 - 4.812 ms
DELETE /api/v1/week-6-task/1 200 56 - 1.554 ms
GET /api/v1/week-6-task/1 404 40 - 1.477 ms
GET /api/v1/week-6-task/a 400 56 - 0.272 ms
GET /api/v1/week-6-task/1 404 40 - 0.793 ms
POST /api/v1/week-6-task 201 293 - 5.211 ms
GET /api/v1/week-6-task 200 295 - 1.532 ms
GET /api/v1/week-6-task/1 200 293 - 1.303 ms
POST /api/v1/week-6-task 201 288 - 2.263 ms
DELETE /api/v1/week-6-task/2 200 56 - 1.675 ms
PUT /api/v1/week-6-task/1 200 346 - 2.395 ms
DELETE /api/v1/week-6-task/1 200 56 - 1.383 ms
GET /api/v1/week-6-task/1 404 40 - 2.611 ms
GET /api/v1/week-6-task/a 400 56 - 0.255 ms
GET /api/v1/week-6-task/1 404 40 - 0.839 ms
POST /api/v1/week-6-task 201 293 - 5.116 ms
GET /api/v1/week-6-task 200 295 - 1.300 ms
GET /api/v1/week-6-task/1 200 293 - 1.514 ms
POST /api/v1/week-6-task 201 288 - 2.354 ms
DELETE /api/v1/week-6-task/2 200 56 - 1.755 ms
PUT /api/v1/week-6-task/1 200 346 - 3.560 ms
DELETE /api/v1/week-6-task/1 200 56 - 3.982 ms
GET /api/v1/week-6-task/1 404 40 - 0.824 ms
GET /api/v1/week-6-task/a 400 56 - 0.273 ms
GET /api/v1/week-6-task/1 404 40 - 0.903 ms
POST /api/v1/week-6-task 400 56 - 1.988 ms
GET /api/v1/week-6-task 200 33 - 5.273 ms
GET /api/v1/week-6-task/ 200 33 - 0.804 ms
POST /api/v1/week-6-task 400 56 - 0.363 ms
PUT /api/v1/week-6-task/ 404 158 - 0.960 ms
DELETE /api/v1/week-6-task/ 404 161 - 0.585 ms
GET /api/v1/week-6-task/ 200 33 - 0.857 ms
GET /api/v1/week-6-task/a 400 56 - 0.661 ms
GET /api/v1/week-6-task/ 200 33 - 1.687 ms
POST /api/v1/week-6-task 400 56 - 0.558 ms
POST /api/v1/week-6-task 400 56 - 2.293 ms
GET /api/v1/week-6-task 200 33 - 2.273 ms
GET /api/v1/week-6-task/ 200 33 - 0.806 ms
POST /api/v1/week-6-task 400 56 - 0.409 ms
PUT /api/v1/week-6-task/ 404 158 - 0.998 ms
DELETE /api/v1/week-6-task/ 404 161 - 0.584 ms
GET /api/v1/week-6-task/ 200 33 - 0.861 ms
GET /api/v1/week-6-task/a 400 56 - 0.604 ms
GET /api/v1/week-6-task/ 200 33 - 0.807 ms
POST /api/v1/week-6-task 400 56 - 0.325 ms
POST /api/v1/week-6-task 400 56 - 2.131 ms
GET /api/v1/week-6-task 200 33 - 2.681 ms
GET /api/v1/week-6-task/ 200 33 - 0.815 ms
POST /api/v1/week-6-task 400 56 - 0.390 ms
PUT /api/v1/week-6-task/ 404 158 - 1.145 ms
DELETE /api/v1/week-6-task/ 404 161 - 0.613 ms
GET /api/v1/week-6-task/ 200 33 - 0.957 ms
GET /api/v1/week-6-task/a 400 56 - 0.538 ms
GET /api/v1/week-6-task/ 200 33 - 0.839 ms
POST /api/v1/week-6-task 400 56 - 0.309 ms
POST /api/v1/week-6-task 201 293 - 6.420 ms
GET /api/v1/week-6-task 200 295 - 1.275 ms
GET /api/v1/week-6-task/1 200 293 - 1.424 ms
POST /api/v1/week-6-task 201 288 - 2.261 ms
DELETE /api/v1/week-6-task/2 200 56 - 1.773 ms
PUT /api/v1/week-6-task/1 200 346 - 4.499 ms
DELETE /api/v1/week-6-task/1 200 56 - 1.922 ms
GET /api/v1/week-6-task/1 404 40 - 1.214 ms
GET /api/v1/week-6-task/a 400 56 - 0.294 ms
GET /api/v1/week-6-task/1 404 40 - 0.747 ms
POST /api/v1/week-6-task 201 109 - 2.410 ms
POST /api/v1/week-6-task 201 293 - 6.156 ms
GET /api/v1/week-6-task 200 374 - 1.547 ms
GET /api/v1/week-6-task/2 200 293 - 1.313 ms
POST /api/v1/week-6-task 201 288 - 2.780 ms
DELETE /api/v1/week-6-task/3 200 56 - 1.820 ms
PUT /api/v1/week-6-task/2 200 346 - 2.433 ms
DELETE /api/v1/week-6-task/2 200 56 - 2.363 ms
GET /api/v1/week-6-task/2 404 40 - 0.835 ms
GET /api/v1/week-6-task/a 400 56 - 0.265 ms
GET /api/v1/week-6-task/2 404 40 - 1.005 ms
POST /api/v1/week-6-task 201 109 - 2.035 ms
POST /api/v1/week-6-task 201 293 - 5.552 ms
GET /api/v1/week-6-task 200 453 - 1.319 ms
GET /api/v1/week-6-task/3 200 293 - 1.395 ms
POST /api/v1/week-6-task 201 288 - 2.242 ms
DELETE /api/v1/week-6-task/4 200 56 - 1.614 ms
PUT /api/v1/week-6-task/3 200 346 - 2.327 ms
DELETE /api/v1/week-6-task/3 200 56 - 3.867 ms
GET /api/v1/week-6-task/3 404 40 - 0.830 ms
GET /api/v1/week-6-task/a 400 56 - 0.255 ms
GET /api/v1/week-6-task/3 404 40 - 18.676 ms
POST /api/v1/week-6-task 400 56 - 0.259 ms
POST /api/v1/week-6-task 201 293 - 5.459 ms
GET /api/v1/week-6-task 200 453 - 1.865 ms
GET /api/v1/week-6-task/3 200 293 - 1.337 ms
POST /api/v1/week-6-task 201 288 - 2.111 ms
DELETE /api/v1/week-6-task/4 200 56 - 2.027 ms
PUT /api/v1/week-6-task/3 200 346 - 2.919 ms
DELETE /api/v1/week-6-task/3 200 56 - 1.452 ms
GET /api/v1/week-6-task/3 404 40 - 1.576 ms
GET /api/v1/week-6-task/a 400 56 - 0.256 ms
GET /api/v1/week-6-task/3 404 40 - 1.011 ms
POST /api/v1/week-6-task 400 56 - 0.219 ms
POST /api/v1/week-6-task 201 288 - 9.005 ms
DELETE /api/v1/week-6-task/3 200 56 - 2.273 ms
PUT /api/v1/week-6-task/3 200 339 - 2.464 ms
GET /api/v1/week-6-task 200 386 - 1.135 ms
GET /api/v1/week-6-task/3 404 40 - 1.068 ms
DELETE /api/v1/week-6-task/3 200 56 - 1.526 ms
GET /api/v1/week-6-task/3 404 40 - 1.190 ms
GET /api/v1/week-6-task/a 400 56 - 0.294 ms
GET /api/v1/week-6-task/3 404 40 - 0.819 ms
POST /api/v1/week-6-task 400 56 - 0.277 ms
PUT /api/v1/week-6-task/a 400 62 - 0.237 ms
GET /api/v1/week-6-task 200 386 - 8.625 ms
GET /api/v1/week-6-task/ 200 386 - 1.004 ms
POST /api/v1/week-6-task 201 291 - 2.822 ms
PUT /api/v1/week-6-task/null 400 62 - 0.703 ms
DELETE /api/v1/week-6-task/null 200 56 - 2.933 ms
GET /api/v1/week-6-task/null 400 56 - 0.402 ms
GET /api/v1/week-6-task/a 400 56 - 0.629 ms
GET /api/v1/week-6-task/null 400 56 - 0.286 ms
POST /api/v1/week-6-task 400 56 - 0.248 ms
PUT /api/v1/week-6-task/a 400 62 - 0.289 ms
POST /api/v1/week-6-task 201 296 - 5.719 ms
GET /api/v1/week-6-task 200 913 - 1.263 ms
GET /api/v1/week-6-task/null 400 56 - 0.722 ms
POST /api/v1/week-6-task 201 291 - 2.132 ms
PUT /api/v1/week-6-task/null 400 62 - 0.480 ms
DELETE /api/v1/week-6-task/null 200 56 - 2.313 ms
GET /api/v1/week-6-task/null 400 56 - 0.289 ms
GET /api/v1/week-6-task/a 400 56 - 0.287 ms
GET /api/v1/week-6-task/null 400 56 - 0.285 ms
POST /api/v1/week-6-task 400 56 - 0.215 ms
PUT /api/v1/week-6-task/a 400 62 - 0.244 ms
POST /api/v1/week-6-task 201 293 - 4.410 ms
GET /api/v1/week-6-task 200 295 - 1.581 ms
GET /api/v1/week-6-task/1 200 293 - 1.262 ms
POST /api/v1/week-6-task 201 288 - 12.893 ms
DELETE /api/v1/week-6-task/2 200 56 - 1.914 ms
PUT /api/v1/week-6-task/1 200 346 - 4.990 ms
DELETE /api/v1/week-6-task/1 200 56 - 2.573 ms
GET /api/v1/week-6-task/1 404 40 - 0.812 ms
GET /api/v1/week-6-task/a 400 56 - 0.258 ms
GET /api/v1/week-6-task/1 404 40 - 0.824 ms
POST /api/v1/week-6-task 400 56 - 0.275 ms
POST /api/v1/week-6-task 201 288 - 5.421 ms
DELETE /api/v1/week-6-task/1 200 56 - 2.111 ms
PUT /api/v1/week-6-task/1 200 339 - 10.318 ms
GET /api/v1/week-6-task 200 307 - 1.117 ms
GET /api/v1/week-6-task/1 404 40 - 1.019 ms
DELETE /api/v1/week-6-task/1 200 56 - 2.269 ms
GET /api/v1/week-6-task/1 404 40 - 4.084 ms
GET /api/v1/week-6-task/a 400 56 - 0.279 ms
GET /api/v1/week-6-task/1 404 40 - 0.744 ms
POST /api/v1/week-6-task 400 56 - 0.250 ms
POST /api/v1/week-6-task 201 288 - 7.070 ms
DELETE /api/v1/week-6-task/1 200 56 - 2.450 ms
PUT /api/v1/week-6-task/1 200 339 - 3.264 ms
GET /api/v1/week-6-task 200 307 - 1.922 ms
GET /api/v1/week-6-task/1 404 40 - 1.083 ms
DELETE /api/v1/week-6-task/1 200 56 - 1.570 ms
GET /api/v1/week-6-task/1 404 40 - 0.984 ms
GET /api/v1/week-6-task/a 400 56 - 0.305 ms
GET /api/v1/week-6-task/1 404 40 - 0.754 ms
POST /api/v1/week-6-task 400 56 - 0.259 ms
POST /api/v1/week-6-task 201 288 - 7.386 ms
DELETE /api/v1/week-6-task/1 200 56 - 2.451 ms
PUT /api/v1/week-6-task/1 200 339 - 5.004 ms
GET /api/v1/week-6-task 200 307 - 1.106 ms
GET /api/v1/week-6-task/1 404 40 - 1.998 ms
DELETE /api/v1/week-6-task/1 200 56 - 1.487 ms
GET /api/v1/week-6-task/1 404 40 - 0.852 ms
GET /api/v1/week-6-task/a 400 56 - 0.306 ms
GET /api/v1/week-6-task/1 404 40 - 2.078 ms
POST /api/v1/week-6-task 400 56 - 0.256 ms
POST /api/v1/week-6-task 201 288 - 6.289 ms
DELETE /api/v1/week-6-task/1 200 56 - 3.034 ms
PUT /api/v1/week-6-task/1 200 339 - 2.150 ms
GET /api/v1/week-6-task 200 307 - 1.101 ms
GET /api/v1/week-6-task/1 404 40 - 1.041 ms
DELETE /api/v1/week-6-task/1 200 56 - 3.852 ms
GET /api/v1/week-6-task/1 404 40 - 2.618 ms
GET /api/v1/week-6-task/a 400 56 - 0.336 ms
GET /api/v1/week-6-task/1 404 40 - 1.881 ms
POST /api/v1/week-6-task 400 56 - 0.212 ms
POST /api/v1/week-6-task 201 288 - 4.126 ms
PUT /api/v1/week-6-task/1 200 346 - 3.134 ms
GET /api/v1/week-6-task 200 314 - 1.076 ms
GET /api/v1/week-6-task/1 200 312 - 1.044 ms
DELETE /api/v1/week-6-task/1 200 56 - 3.804 ms
GET /api/v1/week-6-task/1 404 40 - 0.805 ms
GET /api/v1/week-6-task/a 400 56 - 0.287 ms
GET /api/v1/week-6-task/1 404 40 - 0.799 ms
POST /api/v1/week-6-task 400 56 - 0.239 ms
POST /api/v1/week-6-task 201 288 - 4.495 ms
PUT /api/v1/week-6-task/1 200 346 - 3.086 ms
GET /api/v1/week-6-task 200 314 - 1.104 ms
GET /api/v1/week-6-task/1 200 312 - 1.259 ms
DELETE /api/v1/week-6-task/1 200 56 - 1.821 ms
GET /api/v1/week-6-task/1 404 40 - 0.800 ms
GET /api/v1/week-6-task/a 400 56 - 0.269 ms
GET /api/v1/week-6-task/1 404 40 - 1.287 ms
POST /api/v1/week-6-task 400 56 - 0.229 ms
POST /api/v1/week-6-task 201 288 - 12.945 ms
PUT /api/v1/week-6-task/1 200 346 - 2.728 ms
GET /api/v1/week-6-task 200 314 - 1.270 ms
GET /api/v1/week-6-task/1 200 312 - 1.307 ms
DELETE /api/v1/week-6-task/1 200 56 - 1.847 ms
GET /api/v1/week-6-task/a 400 56 - 0.344 ms
GET /api/v1/week-6-task/1 404 40 - 0.969 ms
POST /api/v1/week-6-task 400 56 - 0.318 ms
POST /api/v1/week-6-task/1 404 160 - 1.136 ms
POST /api/v1/week-6-task 201 288 - 9.056 ms
PUT /api/v1/week-6-task/1 200 346 - 2.778 ms
GET /api/v1/week-6-task 200 314 - 1.130 ms
GET /api/v1/week-6-task/1 200 312 - 1.045 ms
DELETE /api/v1/week-6-task/1 200 56 - 1.735 ms
GET /api/v1/week-6-task/a 400 56 - 0.323 ms
GET /api/v1/week-6-task/1 404 40 - 1.631 ms
POST /api/v1/week-6-task 400 56 - 0.299 ms
PUT /api/v1/week-6-task/1 404 40 - 0.887 ms
POST /api/v1/week-6-task 201 288 - 5.394 ms
PUT /api/v1/week-6-task/1 200 346 - 2.868 ms
GET /api/v1/week-6-task 200 314 - 1.151 ms
GET /api/v1/week-6-task/1 200 312 - 1.164 ms
DELETE /api/v1/week-6-task/1 200 56 - 1.817 ms
GET /api/v1/week-6-task/a 400 56 - 0.339 ms
GET /api/v1/week-6-task/1 404 40 - 1.813 ms
POST /api/v1/week-6-task 400 56 - 0.322 ms
PUT /api/v1/week-6-task/1 404 40 - 1.947 ms
POST /api/v1/week-6-task 201 288 - 7.860 ms
PUT /api/v1/week-6-task/1 200 346 - 2.863 ms
GET /api/v1/week-6-task 200 314 - 1.149 ms
GET /api/v1/week-6-task/1 200 312 - 1.028 ms
DELETE /api/v1/week-6-task/1 200 56 - 7.055 ms
GET /api/v1/week-6-task/a 400 56 - 0.297 ms
GET /api/v1/week-6-task/1 404 40 - 0.866 ms
POST /api/v1/week-6-task 400 56 - 0.260 ms
PUT /api/v1/week-6-task/1 404 40 - 0.807 ms
PUT /api/v1/week-6-task/1 404 40 - 0.831 ms
