GET /api/v1/week-6-task 200 290 - 7.465 ms
GET /api/v1/week-6-task 200 290 - 8.776 ms
GET /api/v1/week-6-task 200 290 - 1.672 ms
GET /api/v1/week-6-task 200 290 - 4.223 ms
GET /api/v1/week-6-task 200 290 - 1.144 ms
GET /api/v1/week-6-task 200 290 - 2.329 ms
GET /api/v1/week-6-task 200 290 - 3.992 ms
GET /api/v1/week-6-task 200 290 - 0.940 ms
GET /api/v1/week-6-task 200 290 - 2.470 ms
GET /api/v1/week-6-task/1 404 40 - 1.321 ms
GET /api/v1/week-6-task/2 200 288 - 0.964 ms
POST /api/v1/week-6-task 201 288 - 6.684 ms
GET /api/v1/week-6-task 200 548 - 0.964 ms
PUT /api/v1/week-6-task/3 200 346 - 2.505 ms
POST /api/v1/week-6-task 201 288 - 2.518 ms
PUT /api/v1/week-6-task/4 200 346 - 1.748 ms
PUT /api/v1/week-6-task/4 200 346 - 2.365 ms
PUT /api/v1/week-6-task/4 200 346 - 2.480 ms
PUT /api/v1/week-6-task/4 200 346 - 3.375 ms
PUT /api/v1/week-6-task/4 200 346 - 3.024 ms
PUT /api/v1/week-6-task/4 200 346 - 2.119 ms
PUT /api/v1/week-6-task/4 200 346 - 2.813 ms
PUT /api/v1/week-6-task/4 200 346 - 3.146 ms
PUT /api/v1/week-6-task/4 200 346 - 9.775 ms
POST /api/v1/week-6-task 201 288 - 3.992 ms
PUT /api/v1/week-6-task/5 200 346 - 3.731 ms
POST /api/v1/week-6-task 201 288 - 2.752 ms
PUT /api/v1/week-6-task/6 200 346 - 3.381 ms
PUT /api/v1/week-6-task/6 200 346 - 7.320 ms
PUT /api/v1/week-6-task/6 200 346 - 2.670 ms
DELETE /api/v1/week-6-task/6 200 56 - 2.972 ms
